polybar|error: Uncaught exception, shutting down: Missing argument for option -l ERROR 
polybar|error: Uncaught exception, shutting down: Missing argument for option -l ERROR 
polybar|error: Uncaught exception, shutting down: Missing argument for option -c /home/dfsp/me/mydotfiles/bin/config_eDP-1.ini
polybar|error: Uncaught exception, shutting down: Missing argument for option -c /home/dfsp/me/mydotfiles/bin/config_HDMI-2.ini
ls: cannot access ' /home/dfsp/me/mydotfiles/bin/config_eDP-1.ini': No such file or directory
ls: cannot access ' /home/dfsp/me/mydotfiles/bin/config_HDMI-2.ini': No such file or directory
ls: cannot access ' /home/dfsp/me/mydotfiles/bin/config_eDP-1.ini': No such file or directory
ls: cannot access ' /home/dfsp/me/mydotfiles/bin/config_HDMI-2.ini': No such file or directory
/home/dfsp/me/mydotfiles/bin/config_eDP-1.ini
/home/dfsp/me/mydotfiles/bin/config_HDMI-2.ini
polybar|notice:  Parsing config file: /home/dfsp/me/mydotfiles/bin/config_eDP-1.ini
polybar|notice:  Listening for IPC messages (PID: 104465)
polybar|notice:  pulseaudio: using default sink alsa_output.pci-0000_00_1f.3.analog-stereo
polybar|notice:  Loaded font "monospace" (name=DejaVu Sans Mono, offset=2, file=/usr/share/fonts/truetype/dejavu/DejaVuSansMono.ttf)
polybar|error: tray: Failed to put tray above 0x1a00002 in the stack (XCB_MATCH (8))
polybar|notice:  Parsing config file: /home/dfsp/me/mydotfiles/bin/config_HDMI-2.ini
polybar|notice:  Listening for IPC messages (PID: 104513)
polybar|notice:  pulseaudio: using default sink alsa_output.pci-0000_00_1f.3.analog-stereo
polybar|notice:  Loaded font "monospace" (name=DejaVu Sans Mono, offset=2, file=/usr/share/fonts/truetype/dejavu/DejaVuSansMono.ttf)
polybar|error: tray: Failed to put tray above 0x1c00002 in the stack (XCB_MATCH (8))
polybar|warn:  Systray selection already managed (window=0x1a0000e)
polybar|notice:  Received signal(15): Terminated
polybar|notice:  Received signal(15): Terminated
polybar|notice:  Termination signal received, shutting down...
polybar|notice:  Termination signal received, shutting down...
polybar|notice:  Parsing config file: /home/dfsp/me/mydotfiles/bin/config_eDP-1.ini
polybar|notice:  Listening for IPC messages (PID: 105024)
polybar|notice:  pulseaudio: using default sink alsa_output.pci-0000_00_1f.3.analog-stereo
polybar|notice:  Loaded font "monospace" (name=DejaVu Sans Mono, offset=2, file=/usr/share/fonts/truetype/dejavu/DejaVuSansMono.ttf)
polybar|error: tray: Failed to put tray above 0x1a00002 in the stack (XCB_MATCH (8))
polybar|notice:  Parsing config file: /home/dfsp/me/mydotfiles/bin/config_HDMI-2.ini
polybar|notice:  Listening for IPC messages (PID: 105072)
polybar|notice:  pulseaudio: using default sink alsa_output.pci-0000_00_1f.3.analog-stereo
polybar|notice:  Loaded font "monospace" (name=DejaVu Sans Mono, offset=2, file=/usr/share/fonts/truetype/dejavu/DejaVuSansMono.ttf)
polybar|error: tray: Failed to put tray above 0x1c00002 in the stack (XCB_MATCH (8))
polybar|warn:  Systray selection already managed (window=0x1a0000e)
polybar|notice:  Received signal(15): Terminated
polybar|notice:  Received signal(15): Terminated
polybar|notice:  Termination signal received, shutting down...
polybar|notice:  Termination signal received, shutting down...
polybar|notice:  Parsing config file: /home/dfsp/me/mydotfiles/bin/config_eDP-1.ini
polybar|notice:  Listening for IPC messages (PID: 106713)
polybar|notice:  pulseaudio: using default sink alsa_output.pci-0000_00_1f.3.analog-stereo
polybar|notice:  Loaded font "monospace" (name=DejaVu Sans Mono, offset=2, file=/usr/share/fonts/truetype/dejavu/DejaVuSansMono.ttf)
polybar|error: tray: Failed to put tray above 0x1a00002 in the stack (XCB_MATCH (8))
polybar|notice:  Parsing config file: /home/dfsp/me/mydotfiles/bin/config_HDMI-2.ini
polybar|notice:  Listening for IPC messages (PID: 106761)
polybar|notice:  pulseaudio: using default sink alsa_output.pci-0000_00_1f.3.analog-stereo
polybar|notice:  Loaded font "monospace" (name=DejaVu Sans Mono, offset=2, file=/usr/share/fonts/truetype/dejavu/DejaVuSansMono.ttf)
polybar|error: tray: Failed to put tray above 0x1c00002 in the stack (XCB_MATCH (8))
polybar|warn:  Systray selection already managed (window=0x1a0000e)
polybar|notice:  Received signal(15): Terminated
polybar|notice:  Termination signal received, shutting down...
polybar|notice:  Received signal(15): Terminated
polybar|notice:  Termination signal received, shutting down...
polybar|notice:  Parsing config file: /home/dfsp/me/mydotfiles/bin/config_eDP-1.ini
polybar|notice:  Listening for IPC messages (PID: 107492)
polybar|notice:  pulseaudio: using default sink alsa_output.pci-0000_00_1f.3.analog-stereo
polybar|notice:  Loaded font "monospace" (name=DejaVu Sans Mono, offset=2, file=/usr/share/fonts/truetype/dejavu/DejaVuSansMono.ttf)
polybar|error: tray: Failed to put tray above 0x1a00002 in the stack (XCB_MATCH (8))
polybar|notice:  Parsing config file: /home/dfsp/me/mydotfiles/bin/config_HDMI-2.ini
polybar|notice:  Listening for IPC messages (PID: 107540)
polybar|notice:  pulseaudio: using default sink alsa_output.pci-0000_00_1f.3.analog-stereo
polybar|notice:  Loaded font "monospace" (name=DejaVu Sans Mono, offset=2, file=/usr/share/fonts/truetype/dejavu/DejaVuSansMono.ttf)
polybar|error: tray: Failed to put tray above 0x1c00002 in the stack (XCB_MATCH (8))
polybar|warn:  Systray selection already managed (window=0x1a0000e)
polybar|notice:  Received signal(15): Terminated
polybar|notice:  Termination signal received, shutting down...
polybar|notice:  Received signal(15): Terminated
polybar|notice:  Termination signal received, shutting down...
polybar|notice:  Parsing config file: /home/dfsp/me/mydotfiles/bin/config_eDP-1.ini
polybar|notice:  Listening for IPC messages (PID: 108468)
polybar|notice:  pulseaudio: using default sink alsa_output.pci-0000_00_1f.3.analog-stereo
polybar|notice:  Loaded font "monospace" (name=DejaVu Sans Mono, offset=2, file=/usr/share/fonts/truetype/dejavu/DejaVuSansMono.ttf)
polybar|error: tray: Failed to put tray above 0x1a00002 in the stack (XCB_MATCH (8))
polybar|notice:  Parsing config file: /home/dfsp/me/mydotfiles/bin/config_HDMI-2.ini
polybar|notice:  Listening for IPC messages (PID: 108522)
polybar|notice:  pulseaudio: using default sink alsa_output.pci-0000_00_1f.3.analog-stereo
polybar|notice:  Loaded font "monospace" (name=DejaVu Sans Mono, offset=2, file=/usr/share/fonts/truetype/dejavu/DejaVuSansMono.ttf)
polybar|error: tray: Failed to put tray above 0x1c00002 in the stack (XCB_MATCH (8))
polybar|warn:  Systray selection already managed (window=0x1a0000e)
polybar|notice:  Received signal(15): Terminated
polybar|notice:  Received signal(15): Terminated
polybar|notice:  Termination signal received, shutting down...
polybar|notice:  Termination signal received, shutting down...
polybar|notice:  Parsing config file: /home/dfsp/me/mydotfiles/bin/config_eDP-1.ini
polybar|notice:  Listening for IPC messages (PID: 110426)
polybar|notice:  pulseaudio: using default sink alsa_output.pci-0000_00_1f.3.analog-stereo
polybar|notice:  Loaded font "monospace" (name=DejaVu Sans Mono, offset=2, file=/usr/share/fonts/truetype/dejavu/DejaVuSansMono.ttf)
polybar|error: tray: Failed to put tray above 0x1a00002 in the stack (XCB_MATCH (8))
polybar|notice:  Parsing config file: /home/dfsp/me/mydotfiles/bin/config_HDMI-2.ini
polybar|notice:  Listening for IPC messages (PID: 110474)
polybar|notice:  pulseaudio: using default sink alsa_output.pci-0000_00_1f.3.analog-stereo
polybar|notice:  Loaded font "monospace" (name=DejaVu Sans Mono, offset=2, file=/usr/share/fonts/truetype/dejavu/DejaVuSansMono.ttf)
polybar|warn:  Systray selection already managed (window=0x1a0000e)
polybar|notice:  Received signal(15): Terminated
polybar|notice:  Termination signal received, shutting down...
polybar|notice:  Received signal(15): Terminated
polybar|notice:  Termination signal received, shutting down...
polybar|notice:  Parsing config file: /home/dfsp/me/mydotfiles/bin/config_eDP-1.ini
polybar|notice:  Listening for IPC messages (PID: 114323)
polybar|notice:  pulseaudio: using default sink alsa_output.pci-0000_00_1f.3.analog-stereo
polybar|notice:  Loaded font "monospace" (name=DejaVu Sans Mono, offset=2, file=/usr/share/fonts/truetype/dejavu/DejaVuSansMono.ttf)
polybar|error: tray: Failed to put tray above 0x1a00002 in the stack (XCB_MATCH (8))
polybar|notice:  Parsing config file: /home/dfsp/me/mydotfiles/bin/config_HDMI-2.ini
polybar|notice:  Listening for IPC messages (PID: 114372)
polybar|notice:  pulseaudio: using default sink alsa_output.pci-0000_00_1f.3.analog-stereo
polybar|notice:  Loaded font "monospace" (name=DejaVu Sans Mono, offset=2, file=/usr/share/fonts/truetype/dejavu/DejaVuSansMono.ttf)
polybar|error: tray: Failed to put tray above 0x1c00002 in the stack (XCB_MATCH (8))
polybar|warn:  Systray selection already managed (window=0x1a0000e)
polybar|notice:  Received signal(15): Terminated
polybar|notice:  Received signal(15): Terminated
polybar|notice:  Termination signal received, shutting down...
polybar|notice:  Termination signal received, shutting down...
polybar|notice:  Parsing config file: /home/dfsp/me/mydotfiles/bin/config_eDP-1.ini
polybar|notice:  Listening for IPC messages (PID: 115557)
polybar|notice:  pulseaudio: using default sink alsa_output.pci-0000_00_1f.3.analog-stereo
polybar|notice:  Loaded font "monospace" (name=DejaVu Sans Mono, offset=2, file=/usr/share/fonts/truetype/dejavu/DejaVuSansMono.ttf)
polybar|error: tray: Failed to put tray above 0x1a00002 in the stack (XCB_MATCH (8))
polybar|notice:  Parsing config file: /home/dfsp/me/mydotfiles/bin/config_HDMI-2.ini
polybar|notice:  Listening for IPC messages (PID: 115605)
polybar|notice:  pulseaudio: using default sink alsa_output.pci-0000_00_1f.3.analog-stereo
polybar|notice:  Loaded font "monospace" (name=DejaVu Sans Mono, offset=2, file=/usr/share/fonts/truetype/dejavu/DejaVuSansMono.ttf)
polybar|error: tray: Failed to put tray above 0x1c00002 in the stack (XCB_MATCH (8))
polybar|warn:  Systray selection already managed (window=0x1a0000e)
polybar|notice:  Received signal(15): Terminated
polybar|notice:  Termination signal received, shutting down...
polybar|notice:  Received signal(15): Terminated
polybar|notice:  Termination signal received, shutting down...
polybar|notice:  Parsing config file: /home/dfsp/me/mydotfiles/bin/config_eDP-1.ini
polybar|notice:  Listening for IPC messages (PID: 122585)
polybar|notice:  pulseaudio: using default sink alsa_output.pci-0000_00_1f.3.analog-stereo
polybar|notice:  Loaded font "monospace" (name=DejaVu Sans Mono, offset=2, file=/usr/share/fonts/truetype/dejavu/DejaVuSansMono.ttf)
polybar|error: tray: Failed to put tray above 0x1a00002 in the stack (XCB_MATCH (8))
polybar|notice:  Parsing config file: /home/dfsp/me/mydotfiles/bin/config_HDMI-2.ini
polybar|notice:  Listening for IPC messages (PID: 122633)
polybar|notice:  pulseaudio: using default sink alsa_output.pci-0000_00_1f.3.analog-stereo
polybar|notice:  Loaded font "monospace" (name=DejaVu Sans Mono, offset=2, file=/usr/share/fonts/truetype/dejavu/DejaVuSansMono.ttf)
polybar|error: tray: Failed to put tray above 0x1c00002 in the stack (XCB_MATCH (8))
polybar|warn:  Systray selection already managed (window=0x1a0000e)
polybar|notice:  Received signal(15): Terminated
polybar|notice:  Received signal(15): Terminated
polybar|notice:  Termination signal received, shutting down...
polybar|notice:  Termination signal received, shutting down...
polybar|notice:  Parsing config file: /home/dfsp/me/mydotfiles/bin/config_eDP-1.ini
polybar|notice:  Listening for IPC messages (PID: 123168)
polybar|notice:  pulseaudio: using default sink alsa_output.pci-0000_00_1f.3.analog-stereo
polybar|notice:  Loaded font "monospace" (name=DejaVu Sans Mono, offset=2, file=/usr/share/fonts/truetype/dejavu/DejaVuSansMono.ttf)
polybar|error: tray: Failed to put tray above 0x1a00002 in the stack (XCB_MATCH (8))
polybar|notice:  Parsing config file: /home/dfsp/me/mydotfiles/bin/config_HDMI-2.ini
polybar|notice:  Listening for IPC messages (PID: 123217)
polybar|notice:  pulseaudio: using default sink alsa_output.pci-0000_00_1f.3.analog-stereo
polybar|notice:  Loaded font "monospace" (name=DejaVu Sans Mono, offset=2, file=/usr/share/fonts/truetype/dejavu/DejaVuSansMono.ttf)
polybar|error: tray: Failed to put tray above 0x1c00002 in the stack (XCB_MATCH (8))
polybar|warn:  Systray selection already managed (window=0x1a0000e)
polybar|notice:  Received signal(15): Terminated
polybar|notice:  Termination signal received, shutting down...
polybar|notice:  Received signal(15): Terminated
polybar|notice:  Termination signal received, shutting down...
polybar|notice:  Parsing config file: /home/dfsp/me/mydotfiles/bin/config_eDP-1.ini
polybar|notice:  Listening for IPC messages (PID: 124934)
polybar|notice:  pulseaudio: using default sink alsa_output.pci-0000_00_1f.3.analog-stereo
polybar|notice:  Loaded font "monospace" (name=DejaVu Sans Mono, offset=2, file=/usr/share/fonts/truetype/dejavu/DejaVuSansMono.ttf)
polybar|error: tray: Failed to put tray above 0x1a00002 in the stack (XCB_MATCH (8))
polybar|notice:  Parsing config file: /home/dfsp/me/mydotfiles/bin/config_HDMI-2.ini
polybar|notice:  Listening for IPC messages (PID: 124984)
polybar|notice:  pulseaudio: using default sink alsa_output.pci-0000_00_1f.3.analog-stereo
polybar|notice:  Loaded font "monospace" (name=DejaVu Sans Mono, offset=2, file=/usr/share/fonts/truetype/dejavu/DejaVuSansMono.ttf)
polybar|error: tray: Failed to put tray above 0x1c00002 in the stack (XCB_MATCH (8))
polybar|warn:  Systray selection already managed (window=0x1a0000e)
polybar|notice:  Received signal(15): Terminated
polybar|notice:  Termination signal received, shutting down...
polybar|notice:  Received signal(15): Terminated
polybar|notice:  Termination signal received, shutting down...
polybar|notice:  Parsing config file: /home/dfsp/me/mydotfiles/bin/config_eDP-1.ini
polybar|notice:  Listening for IPC messages (PID: 128888)
polybar|notice:  pulseaudio: using default sink alsa_output.pci-0000_00_1f.3.analog-stereo
polybar|notice:  Loaded font "monospace" (name=DejaVu Sans Mono, offset=2, file=/usr/share/fonts/truetype/dejavu/DejaVuSansMono.ttf)
polybar|error: tray: Failed to put tray above 0x1a00002 in the stack (XCB_MATCH (8))
polybar|notice:  Parsing config file: /home/dfsp/me/mydotfiles/bin/config_HDMI-2.ini
polybar|notice:  Listening for IPC messages (PID: 128936)
polybar|notice:  pulseaudio: using default sink alsa_output.pci-0000_00_1f.3.analog-stereo
polybar|notice:  Loaded font "monospace" (name=DejaVu Sans Mono, offset=2, file=/usr/share/fonts/truetype/dejavu/DejaVuSansMono.ttf)
polybar|error: tray: Failed to put tray above 0x1c00002 in the stack (XCB_MATCH (8))
polybar|warn:  Systray selection already managed (window=0x1a0000e)
polybar|notice:  Received signal(15): Terminated
polybar|notice:  Termination signal received, shutting down...
polybar|notice:  Received signal(15): Terminated
polybar|notice:  Termination signal received, shutting down...
polybar|notice:  Parsing config file: /home/dfsp/me/mydotfiles/bin/config_eDP-1.ini
polybar|notice:  Listening for IPC messages (PID: 140394)
polybar|notice:  pulseaudio: using default sink alsa_output.pci-0000_00_1f.3.analog-stereo
polybar|notice:  Loaded font "monospace" (name=DejaVu Sans Mono, offset=2, file=/usr/share/fonts/truetype/dejavu/DejaVuSansMono.ttf)
polybar|error: tray: Failed to put tray above 0x1a00002 in the stack (XCB_MATCH (8))
polybar|notice:  Parsing config file: /home/dfsp/me/mydotfiles/bin/config_HDMI-2.ini
polybar|notice:  Listening for IPC messages (PID: 140442)
polybar|notice:  pulseaudio: using default sink alsa_output.pci-0000_00_1f.3.analog-stereo
polybar|notice:  Loaded font "monospace" (name=DejaVu Sans Mono, offset=2, file=/usr/share/fonts/truetype/dejavu/DejaVuSansMono.ttf)
polybar|error: tray: Failed to put tray above 0x1c00002 in the stack (XCB_MATCH (8))
polybar|warn:  Systray selection already managed (window=0x1a0000e)
polybar|notice:  Received signal(15): Terminated
polybar|notice:  Termination signal received, shutting down...
polybar|notice:  Received signal(15): Terminated
polybar|notice:  Termination signal received, shutting down...
polybar|notice:  Parsing config file: /home/dfsp/me/mydotfiles/bin/config_eDP-1.ini
polybar|notice:  Listening for IPC messages (PID: 144043)
polybar|notice:  pulseaudio: using default sink alsa_output.pci-0000_00_1f.3.analog-stereo
polybar|notice:  Loaded font "monospace" (name=DejaVu Sans Mono, offset=2, file=/usr/share/fonts/truetype/dejavu/DejaVuSansMono.ttf)
polybar|error: tray: Failed to put tray above 0x1a00002 in the stack (XCB_MATCH (8))
polybar|notice:  Parsing config file: /home/dfsp/me/mydotfiles/bin/config_HDMI-2.ini
polybar|notice:  Listening for IPC messages (PID: 144091)
polybar|notice:  pulseaudio: using default sink alsa_output.pci-0000_00_1f.3.analog-stereo
polybar|notice:  Loaded font "monospace" (name=DejaVu Sans Mono, offset=2, file=/usr/share/fonts/truetype/dejavu/DejaVuSansMono.ttf)
polybar|error: tray: Failed to put tray above 0x1c00002 in the stack (XCB_MATCH (8))
polybar|warn:  Systray selection already managed (window=0x1a0000e)
polybar|notice:  Received signal(15): Terminated
polybar|notice:  Received signal(15): Terminated
polybar|notice:  Termination signal received, shutting down...
polybar|notice:  Termination signal received, shutting down...
polybar|notice:  Parsing config file: /home/dfsp/me/mydotfiles/bin/config_eDP-1.ini
polybar|notice:  Listening for IPC messages (PID: 147738)
polybar|notice:  pulseaudio: using default sink alsa_output.pci-0000_00_1f.3.analog-stereo
polybar|notice:  Loaded font "monospace" (name=DejaVu Sans Mono, offset=2, file=/usr/share/fonts/truetype/dejavu/DejaVuSansMono.ttf)
polybar|error: tray: Failed to put tray above 0x1a00002 in the stack (XCB_MATCH (8))
polybar|notice:  Parsing config file: /home/dfsp/me/mydotfiles/bin/config_HDMI-2.ini
polybar|notice:  Listening for IPC messages (PID: 147786)
polybar|notice:  pulseaudio: using default sink alsa_output.pci-0000_00_1f.3.analog-stereo
polybar|notice:  Loaded font "monospace" (name=DejaVu Sans Mono, offset=2, file=/usr/share/fonts/truetype/dejavu/DejaVuSansMono.ttf)
polybar|warn:  Systray selection already managed (window=0x1a0000e)
polybar|notice:  Received signal(15): Terminated
polybar|notice:  Received signal(15): Terminated
polybar|notice:  Termination signal received, shutting down...
polybar|notice:  Termination signal received, shutting down...
polybar|notice:  Parsing config file: /home/dfsp/me/mydotfiles/bin/config_eDP-1.ini
polybar|notice:  Listening for IPC messages (PID: 149475)
polybar|notice:  pulseaudio: using default sink alsa_output.pci-0000_00_1f.3.analog-stereo
polybar|notice:  Loaded font "monospace" (name=DejaVu Sans Mono, offset=2, file=/usr/share/fonts/truetype/dejavu/DejaVuSansMono.ttf)
polybar|error: tray: Failed to put tray above 0x1a00002 in the stack (XCB_MATCH (8))
polybar|notice:  Parsing config file: /home/dfsp/me/mydotfiles/bin/config_HDMI-2.ini
polybar|notice:  Listening for IPC messages (PID: 149528)
polybar|notice:  pulseaudio: using default sink alsa_output.pci-0000_00_1f.3.analog-stereo
polybar|notice:  Loaded font "monospace" (name=DejaVu Sans Mono, offset=2, file=/usr/share/fonts/truetype/dejavu/DejaVuSansMono.ttf)
polybar|error: tray: Failed to put tray above 0x1c00002 in the stack (XCB_MATCH (8))
polybar|warn:  Systray selection already managed (window=0x1a0000e)
polybar|notice:  Received signal(15): Terminated
polybar|notice:  Received signal(15): Terminated
polybar|notice:  Termination signal received, shutting down...
polybar|notice:  Termination signal received, shutting down...
polybar|notice:  Parsing config file: /home/dfsp/me/mydotfiles/bin/config_eDP-1.ini
polybar|notice:  Listening for IPC messages (PID: 150815)
polybar|notice:  pulseaudio: using default sink alsa_output.pci-0000_00_1f.3.analog-stereo
polybar|notice:  Loaded font "monospace" (name=DejaVu Sans Mono, offset=2, file=/usr/share/fonts/truetype/dejavu/DejaVuSansMono.ttf)
polybar|error: tray: Failed to put tray above 0x1a00002 in the stack (XCB_MATCH (8))
polybar|notice:  Parsing config file: /home/dfsp/me/mydotfiles/bin/config_HDMI-2.ini
polybar|notice:  Listening for IPC messages (PID: 150863)
polybar|notice:  pulseaudio: using default sink alsa_output.pci-0000_00_1f.3.analog-stereo
polybar|notice:  Loaded font "monospace" (name=DejaVu Sans Mono, offset=2, file=/usr/share/fonts/truetype/dejavu/DejaVuSansMono.ttf)
polybar|error: tray: Failed to put tray above 0x1c00002 in the stack (XCB_MATCH (8))
polybar|warn:  Systray selection already managed (window=0x1a0000e)
polybar|notice:  Received signal(15): Terminated
polybar|notice:  Termination signal received, shutting down...
polybar|notice:  Received signal(15): Terminated
polybar|notice:  Termination signal received, shutting down...
polybar|notice:  Parsing config file: /home/dfsp/me/mydotfiles/bin/config_eDP-1.ini
polybar|notice:  Listening for IPC messages (PID: 157468)
polybar|notice:  pulseaudio: using default sink alsa_output.pci-0000_00_1f.3.analog-stereo
polybar|notice:  Loaded font "monospace" (name=DejaVu Sans Mono, offset=2, file=/usr/share/fonts/truetype/dejavu/DejaVuSansMono.ttf)
polybar|error: tray: Failed to put tray above 0x1a00002 in the stack (XCB_MATCH (8))
polybar|notice:  Parsing config file: /home/dfsp/me/mydotfiles/bin/config_HDMI-2.ini
polybar|notice:  Listening for IPC messages (PID: 157516)
polybar|notice:  pulseaudio: using default sink alsa_output.pci-0000_00_1f.3.analog-stereo
polybar|notice:  Loaded font "monospace" (name=DejaVu Sans Mono, offset=2, file=/usr/share/fonts/truetype/dejavu/DejaVuSansMono.ttf)
polybar|error: tray: Failed to put tray above 0x1c00002 in the stack (XCB_MATCH (8))
polybar|warn:  Systray selection already managed (window=0x1a0000e)
polybar|notice:  Received signal(15): Terminated
polybar|notice:  Received signal(15): Terminated
polybar|notice:  Termination signal received, shutting down...
polybar|notice:  Termination signal received, shutting down...
polybar|notice:  Parsing config file: /home/dfsp/me/mydotfiles/bin/config_eDP-1.ini
polybar|notice:  Listening for IPC messages (PID: 158456)
polybar|notice:  pulseaudio: using default sink alsa_output.pci-0000_00_1f.3.analog-stereo
polybar|notice:  Loaded font "monospace" (name=DejaVu Sans Mono, offset=2, file=/usr/share/fonts/truetype/dejavu/DejaVuSansMono.ttf)
polybar|error: tray: Failed to put tray above 0x1a00002 in the stack (XCB_MATCH (8))
polybar|notice:  Parsing config file: /home/dfsp/me/mydotfiles/bin/config_HDMI-2.ini
polybar|notice:  Listening for IPC messages (PID: 158505)
polybar|notice:  pulseaudio: using default sink alsa_output.pci-0000_00_1f.3.analog-stereo
polybar|notice:  Loaded font "monospace" (name=DejaVu Sans Mono, offset=2, file=/usr/share/fonts/truetype/dejavu/DejaVuSansMono.ttf)
polybar|error: tray: Failed to put tray above 0x1c00002 in the stack (XCB_MATCH (8))
polybar|warn:  Systray selection already managed (window=0x1a0000e)
polybar|notice:  Received signal(15): Terminated
polybar|notice:  Received signal(15): Terminated
polybar|notice:  Termination signal received, shutting down...
polybar|notice:  Termination signal received, shutting down...
polybar|notice:  Parsing config file: /home/dfsp/me/mydotfiles/bin/config_eDP-1.ini
polybar|notice:  Listening for IPC messages (PID: 166274)
polybar|notice:  pulseaudio: using default sink alsa_output.pci-0000_00_1f.3.analog-stereo
polybar|notice:  Loaded font "monospace" (name=DejaVu Sans Mono, offset=2, file=/usr/share/fonts/truetype/dejavu/DejaVuSansMono.ttf)
polybar|error: tray: Failed to put tray above 0x1a00002 in the stack (XCB_MATCH (8))
polybar|notice:  Parsing config file: /home/dfsp/me/mydotfiles/bin/config_HDMI-2.ini
polybar|notice:  Listening for IPC messages (PID: 166322)
polybar|notice:  pulseaudio: using default sink alsa_output.pci-0000_00_1f.3.analog-stereo
polybar|notice:  Loaded font "monospace" (name=DejaVu Sans Mono, offset=2, file=/usr/share/fonts/truetype/dejavu/DejaVuSansMono.ttf)
polybar|error: tray: Failed to put tray above 0x1c00002 in the stack (XCB_MATCH (8))
polybar|warn:  Systray selection already managed (window=0x1a0000e)
polybar|notice:  Received signal(15): Terminated
polybar|notice:  Termination signal received, shutting down...
polybar|notice:  Received signal(15): Terminated
polybar|notice:  Termination signal received, shutting down...
polybar|notice:  Parsing config file: /home/dfsp/me/mydotfiles/bin/config_eDP-1.ini
polybar|notice:  Listening for IPC messages (PID: 167822)
polybar|notice:  pulseaudio: using default sink alsa_output.pci-0000_00_1f.3.analog-stereo
polybar|notice:  Loaded font "monospace" (name=DejaVu Sans Mono, offset=2, file=/usr/share/fonts/truetype/dejavu/DejaVuSansMono.ttf)
polybar|error: tray: Failed to put tray above 0x1a00002 in the stack (XCB_MATCH (8))
polybar|notice:  Parsing config file: /home/dfsp/me/mydotfiles/bin/config_HDMI-2.ini
polybar|notice:  Listening for IPC messages (PID: 167872)
polybar|notice:  pulseaudio: using default sink alsa_output.pci-0000_00_1f.3.analog-stereo
polybar|notice:  Loaded font "monospace" (name=DejaVu Sans Mono, offset=2, file=/usr/share/fonts/truetype/dejavu/DejaVuSansMono.ttf)
polybar|error: tray: Failed to put tray above 0x1c00002 in the stack (XCB_MATCH (8))
polybar|warn:  Systray selection already managed (window=0x1a0000e)
polybar|notice:  Received signal(15): Terminated
polybar|notice:  Termination signal received, shutting down...
polybar|notice:  Received signal(15): Terminated
polybar|notice:  Termination signal received, shutting down...
polybar|notice:  Parsing config file: /home/dfsp/me/mydotfiles/bin/config_eDP-1.ini
polybar|notice:  Listening for IPC messages (PID: 170657)
polybar|notice:  pulseaudio: using default sink alsa_output.pci-0000_00_1f.3.analog-stereo
polybar|notice:  Loaded font "monospace" (name=DejaVu Sans Mono, offset=2, file=/usr/share/fonts/truetype/dejavu/DejaVuSansMono.ttf)
polybar|error: tray: Failed to put tray above 0x1a00002 in the stack (XCB_MATCH (8))
polybar|notice:  Parsing config file: /home/dfsp/me/mydotfiles/bin/config_HDMI-2.ini
polybar|notice:  Listening for IPC messages (PID: 170708)
polybar|notice:  pulseaudio: using default sink alsa_output.pci-0000_00_1f.3.analog-stereo
polybar|notice:  Loaded font "monospace" (name=DejaVu Sans Mono, offset=2, file=/usr/share/fonts/truetype/dejavu/DejaVuSansMono.ttf)
polybar|error: tray: Failed to put tray above 0x1c00002 in the stack (XCB_MATCH (8))
polybar|warn:  Systray selection already managed (window=0x1a0000e)
polybar|notice:  Received signal(15): Terminated
polybar|notice:  Termination signal received, shutting down...
polybar|notice:  Received signal(15): Terminated
polybar|notice:  Termination signal received, shutting down...
polybar|notice:  Parsing config file: /home/dfsp/me/mydotfiles/bin/config_eDP-1.ini
polybar|notice:  Listening for IPC messages (PID: 171448)
polybar|notice:  pulseaudio: using default sink alsa_output.pci-0000_00_1f.3.analog-stereo
polybar|notice:  Loaded font "monospace" (name=DejaVu Sans Mono, offset=2, file=/usr/share/fonts/truetype/dejavu/DejaVuSansMono.ttf)
polybar|error: tray: Failed to put tray above 0x1a00002 in the stack (XCB_MATCH (8))
polybar|notice:  Parsing config file: /home/dfsp/me/mydotfiles/bin/config_HDMI-2.ini
polybar|notice:  Listening for IPC messages (PID: 171498)
polybar|notice:  pulseaudio: using default sink alsa_output.pci-0000_00_1f.3.analog-stereo
polybar|notice:  Loaded font "monospace" (name=DejaVu Sans Mono, offset=2, file=/usr/share/fonts/truetype/dejavu/DejaVuSansMono.ttf)
polybar|error: tray: Failed to put tray above 0x1c00002 in the stack (XCB_MATCH (8))
polybar|warn:  Systray selection already managed (window=0x1a0000e)
polybar|notice:  Received signal(15): Terminated
polybar|notice:  Received signal(15): Terminated
polybar|notice:  Termination signal received, shutting down...
polybar|notice:  Termination signal received, shutting down...
polybar|notice:  Parsing config file: /home/dfsp/me/mydotfiles/bin/config_eDP-1.ini
polybar|notice:  Listening for IPC messages (PID: 172781)
polybar|error: Invalid value for "module/xworkspaces.label-active-underline", using default value (reason: "[object Object]" is an invalid color value.)
polybar|error: Invalid value for "module/notification.format-prefix-foreground", using default value (reason: "[object Object]" is an invalid color value.)
polybar|error: Invalid value for "module/mic.format-prefix-foreground", using default value (reason: "[object Object]" is an invalid color value.)
polybar|notice:  pulseaudio: using default sink alsa_output.pci-0000_00_1f.3.analog-stereo
polybar|error: Invalid value for "module/pulseaudio.format-volume-prefix-foreground", using default value (reason: "[object Object]" is an invalid color value.)
polybar|error: Invalid value for "module/memory.format-prefix-foreground", using default value (reason: "[object Object]" is an invalid color value.)
polybar|error: Invalid value for "module/cpu.format-prefix-foreground", using default value (reason: "[object Object]" is an invalid color value.)
polybar|error: Invalid value for "module/date.label-foreground", using default value (reason: "[object Object]" is an invalid color value.)
polybar|notice:  Loaded font "monospace" (name=DejaVu Sans Mono, offset=2, file=/usr/share/fonts/truetype/dejavu/DejaVuSansMono.ttf)
polybar|error: tray: Failed to put tray above 0x1a00002 in the stack (XCB_MATCH (8))
polybar|notice:  Parsing config file: /home/dfsp/me/mydotfiles/bin/config_HDMI-2.ini
polybar|notice:  Listening for IPC messages (PID: 172830)
polybar|error: Invalid value for "module/xworkspaces.label-active-underline", using default value (reason: "[object Object]" is an invalid color value.)
polybar|error: Invalid value for "module/notification.format-prefix-foreground", using default value (reason: "[object Object]" is an invalid color value.)
polybar|error: Invalid value for "module/mic.format-prefix-foreground", using default value (reason: "[object Object]" is an invalid color value.)
polybar|notice:  pulseaudio: using default sink alsa_output.pci-0000_00_1f.3.analog-stereo
polybar|error: Invalid value for "module/pulseaudio.format-volume-prefix-foreground", using default value (reason: "[object Object]" is an invalid color value.)
polybar|error: Invalid value for "module/memory.format-prefix-foreground", using default value (reason: "[object Object]" is an invalid color value.)
polybar|error: Invalid value for "module/cpu.format-prefix-foreground", using default value (reason: "[object Object]" is an invalid color value.)
polybar|error: Invalid value for "module/date.label-foreground", using default value (reason: "[object Object]" is an invalid color value.)
polybar|notice:  Loaded font "monospace" (name=DejaVu Sans Mono, offset=2, file=/usr/share/fonts/truetype/dejavu/DejaVuSansMono.ttf)
polybar|error: tray: Failed to put tray above 0x1c00002 in the stack (XCB_MATCH (8))
polybar|warn:  Systray selection already managed (window=0x1a0000e)
polybar|notice:  Received signal(15): Terminated
polybar|notice:  Termination signal received, shutting down...
polybar|notice:  Received signal(15): Terminated
polybar|notice:  Termination signal received, shutting down...
polybar|notice:  Parsing config file: /home/dfsp/me/mydotfiles/bin/config_eDP-1.ini
polybar|notice:  Listening for IPC messages (PID: 173154)
polybar|notice:  pulseaudio: using default sink alsa_output.pci-0000_00_1f.3.analog-stereo
polybar|notice:  Loaded font "monospace" (name=DejaVu Sans Mono, offset=2, file=/usr/share/fonts/truetype/dejavu/DejaVuSansMono.ttf)
polybar|error: tray: Failed to put tray above 0x1a00002 in the stack (XCB_MATCH (8))
polybar|notice:  Parsing config file: /home/dfsp/me/mydotfiles/bin/config_HDMI-2.ini
polybar|notice:  Listening for IPC messages (PID: 173202)
polybar|notice:  pulseaudio: using default sink alsa_output.pci-0000_00_1f.3.analog-stereo
polybar|notice:  Loaded font "monospace" (name=DejaVu Sans Mono, offset=2, file=/usr/share/fonts/truetype/dejavu/DejaVuSansMono.ttf)
polybar|error: tray: Failed to put tray above 0x1c00002 in the stack (XCB_MATCH (8))
polybar|warn:  Systray selection already managed (window=0x1a0000e)
polybar|notice:  Received signal(15): Terminated
polybar|notice:  Received signal(15): Terminated
polybar|notice:  Termination signal received, shutting down...
polybar|notice:  Termination signal received, shutting down...
polybar|notice:  Parsing config file: /home/dfsp/me/mydotfiles/bin/config_eDP-1.ini
polybar|notice:  Listening for IPC messages (PID: 174275)
polybar|notice:  pulseaudio: using default sink alsa_output.pci-0000_00_1f.3.analog-stereo
polybar|notice:  Loaded font "monospace" (name=DejaVu Sans Mono, offset=2, file=/usr/share/fonts/truetype/dejavu/DejaVuSansMono.ttf)
polybar|error: tray: Failed to put tray above 0x1a00002 in the stack (XCB_MATCH (8))
polybar|notice:  Parsing config file: /home/dfsp/me/mydotfiles/bin/config_HDMI-2.ini
polybar|notice:  Listening for IPC messages (PID: 174323)
polybar|notice:  pulseaudio: using default sink alsa_output.pci-0000_00_1f.3.analog-stereo
polybar|notice:  Loaded font "monospace" (name=DejaVu Sans Mono, offset=2, file=/usr/share/fonts/truetype/dejavu/DejaVuSansMono.ttf)
polybar|error: tray: Failed to put tray above 0x1c00002 in the stack (XCB_MATCH (8))
polybar|warn:  Systray selection already managed (window=0x1a0000e)
polybar|notice:  Received signal(15): Terminated
polybar|notice:  Received signal(15): Terminated
polybar|notice:  Termination signal received, shutting down...
polybar|notice:  Termination signal received, shutting down...
polybar|notice:  Parsing config file: /home/dfsp/me/mydotfiles/bin/config_eDP-1.ini
polybar|notice:  Listening for IPC messages (PID: 174607)
polybar|notice:  pulseaudio: using default sink alsa_output.pci-0000_00_1f.3.analog-stereo
polybar|notice:  Loaded font "monospace" (name=DejaVu Sans Mono, offset=2, file=/usr/share/fonts/truetype/dejavu/DejaVuSansMono.ttf)
polybar|error: tray: Failed to put tray above 0x1a00002 in the stack (XCB_MATCH (8))
polybar|notice:  Parsing config file: /home/dfsp/me/mydotfiles/bin/config_HDMI-2.ini
polybar|notice:  Listening for IPC messages (PID: 174661)
polybar|notice:  pulseaudio: using default sink alsa_output.pci-0000_00_1f.3.analog-stereo
polybar|notice:  Loaded font "monospace" (name=DejaVu Sans Mono, offset=2, file=/usr/share/fonts/truetype/dejavu/DejaVuSansMono.ttf)
polybar|warn:  Systray selection already managed (window=0x1a0000e)
polybar|notice:  Received signal(15): Terminated
polybar|notice:  Received signal(15): Terminated
polybar|notice:  Termination signal received, shutting down...
polybar|notice:  Termination signal received, shutting down...
polybar|notice:  Parsing config file: /home/dfsp/me/mydotfiles/bin/config_eDP-1.ini
polybar|notice:  Listening for IPC messages (PID: 176118)
polybar|notice:  pulseaudio: using default sink alsa_output.pci-0000_00_1f.3.analog-stereo
polybar|notice:  Loaded font "monospace" (name=DejaVu Sans Mono, offset=2, file=/usr/share/fonts/truetype/dejavu/DejaVuSansMono.ttf)
polybar|error: tray: Failed to put tray above 0x1a00002 in the stack (XCB_MATCH (8))
polybar|notice:  Parsing config file: /home/dfsp/me/mydotfiles/bin/config_HDMI-2.ini
polybar|notice:  Listening for IPC messages (PID: 176166)
polybar|notice:  pulseaudio: using default sink alsa_output.pci-0000_00_1f.3.analog-stereo
polybar|notice:  Loaded font "monospace" (name=DejaVu Sans Mono, offset=2, file=/usr/share/fonts/truetype/dejavu/DejaVuSansMono.ttf)
polybar|error: tray: Failed to put tray above 0x1c00002 in the stack (XCB_MATCH (8))
polybar|warn:  Systray selection already managed (window=0x1a0000e)
polybar|notice:  Received signal(15): Terminated
polybar|notice:  Received signal(15): Terminated
polybar|notice:  Termination signal received, shutting down...
polybar|notice:  Termination signal received, shutting down...
polybar|notice:  Parsing config file: /home/dfsp/me/mydotfiles/bin/config_eDP-1.ini
polybar|notice:  Listening for IPC messages (PID: 179063)
polybar|notice:  pulseaudio: using default sink alsa_output.pci-0000_00_1f.3.analog-stereo
polybar|notice:  Loaded font "monospace" (name=DejaVu Sans Mono, offset=2, file=/usr/share/fonts/truetype/dejavu/DejaVuSansMono.ttf)
polybar|error: tray: Failed to put tray above 0x1a00002 in the stack (XCB_MATCH (8))
polybar|notice:  Parsing config file: /home/dfsp/me/mydotfiles/bin/config_HDMI-2.ini
polybar|notice:  Listening for IPC messages (PID: 179111)
polybar|notice:  pulseaudio: using default sink alsa_output.pci-0000_00_1f.3.analog-stereo
polybar|notice:  Loaded font "monospace" (name=DejaVu Sans Mono, offset=2, file=/usr/share/fonts/truetype/dejavu/DejaVuSansMono.ttf)
polybar|error: tray: Failed to put tray above 0x1c00002 in the stack (XCB_MATCH (8))
polybar|warn:  Systray selection already managed (window=0x1a0000e)
polybar|notice:  Received signal(15): Terminated
polybar|notice:  Received signal(15): Terminated
polybar|notice:  Termination signal received, shutting down...
polybar|notice:  Termination signal received, shutting down...
polybar|notice:  Parsing config file: /home/dfsp/me/mydotfiles/bin/config_eDP-1.ini
polybar|notice:  Listening for IPC messages (PID: 179374)
polybar|notice:  pulseaudio: using default sink alsa_output.pci-0000_00_1f.3.analog-stereo
polybar|notice:  Loaded font "monospace" (name=DejaVu Sans Mono, offset=2, file=/usr/share/fonts/truetype/dejavu/DejaVuSansMono.ttf)
polybar|error: tray: Failed to put tray above 0x1a00002 in the stack (XCB_MATCH (8))
polybar|notice:  Parsing config file: /home/dfsp/me/mydotfiles/bin/config_HDMI-2.ini
polybar|notice:  Listening for IPC messages (PID: 179428)
polybar|notice:  pulseaudio: using default sink alsa_output.pci-0000_00_1f.3.analog-stereo
polybar|notice:  Loaded font "monospace" (name=DejaVu Sans Mono, offset=2, file=/usr/share/fonts/truetype/dejavu/DejaVuSansMono.ttf)
polybar|warn:  Systray selection already managed (window=0x1a0000e)
polybar|notice:  Received signal(15): Terminated
polybar|notice:  Termination signal received, shutting down...
polybar|notice:  Received signal(15): Terminated
polybar|notice:  Termination signal received, shutting down...
polybar|notice:  Parsing config file: /home/dfsp/me/mydotfiles/bin/config_eDP-1.ini
polybar|notice:  Listening for IPC messages (PID: 179930)
polybar|notice:  pulseaudio: using default sink alsa_output.pci-0000_00_1f.3.analog-stereo
polybar|notice:  Loaded font "monospace" (name=DejaVu Sans Mono, offset=2, file=/usr/share/fonts/truetype/dejavu/DejaVuSansMono.ttf)
polybar|error: tray: Failed to put tray above 0x1a00002 in the stack (XCB_MATCH (8))
polybar|notice:  Parsing config file: /home/dfsp/me/mydotfiles/bin/config_HDMI-2.ini
polybar|notice:  Listening for IPC messages (PID: 179978)
polybar|notice:  pulseaudio: using default sink alsa_output.pci-0000_00_1f.3.analog-stereo
polybar|notice:  Loaded font "monospace" (name=DejaVu Sans Mono, offset=2, file=/usr/share/fonts/truetype/dejavu/DejaVuSansMono.ttf)
polybar|error: tray: Failed to put tray above 0x1c00002 in the stack (XCB_MATCH (8))
polybar|warn:  Systray selection already managed (window=0x1a0000e)
polybar|notice:  Received signal(15): Terminated
polybar|notice:  Termination signal received, shutting down...
polybar|notice:  Received signal(15): Terminated
polybar|notice:  Termination signal received, shutting down...
polybar|notice:  Parsing config file: /home/dfsp/me/mydotfiles/bin/config_eDP-1.ini
polybar|notice:  Listening for IPC messages (PID: 182675)
polybar|notice:  pulseaudio: using default sink alsa_output.pci-0000_00_1f.3.analog-stereo
polybar|notice:  Loaded font "monospace" (name=DejaVu Sans Mono, offset=2, file=/usr/share/fonts/truetype/dejavu/DejaVuSansMono.ttf)
polybar|error: tray: Failed to put tray above 0x1a00002 in the stack (XCB_MATCH (8))
polybar|notice:  Parsing config file: /home/dfsp/me/mydotfiles/bin/config_HDMI-2.ini
polybar|notice:  Listening for IPC messages (PID: 182724)
polybar|notice:  pulseaudio: using default sink alsa_output.pci-0000_00_1f.3.analog-stereo
polybar|notice:  Loaded font "monospace" (name=DejaVu Sans Mono, offset=2, file=/usr/share/fonts/truetype/dejavu/DejaVuSansMono.ttf)
polybar|error: tray: Failed to put tray above 0x1c00002 in the stack (XCB_MATCH (8))
polybar|warn:  Systray selection already managed (window=0x1a0000e)
polybar|notice:  Received signal(15): Terminated
polybar|notice:  Received signal(15): Terminated
polybar|notice:  Termination signal received, shutting down...
polybar|notice:  Termination signal received, shutting down...
polybar|notice:  Parsing config file: /home/dfsp/me/mydotfiles/bin/config_eDP-1.ini
polybar|notice:  Listening for IPC messages (PID: 183875)
polybar|notice:  pulseaudio: using default sink alsa_output.pci-0000_00_1f.3.analog-stereo
polybar|notice:  Loaded font "monospace" (name=DejaVu Sans Mono, offset=2, file=/usr/share/fonts/truetype/dejavu/DejaVuSansMono.ttf)
polybar|error: tray: Failed to put tray above 0x1a00002 in the stack (XCB_MATCH (8))
polybar|notice:  Parsing config file: /home/dfsp/me/mydotfiles/bin/config_HDMI-2.ini
polybar|notice:  Listening for IPC messages (PID: 183926)
polybar|notice:  pulseaudio: using default sink alsa_output.pci-0000_00_1f.3.analog-stereo
polybar|notice:  Loaded font "monospace" (name=DejaVu Sans Mono, offset=2, file=/usr/share/fonts/truetype/dejavu/DejaVuSansMono.ttf)
polybar|error: tray: Failed to put tray above 0x1c00002 in the stack (XCB_MATCH (8))
polybar|warn:  Systray selection already managed (window=0x1a0000e)
polybar|notice:  Received signal(15): Terminated
polybar|notice:  Received signal(15): Terminated
polybar|notice:  Termination signal received, shutting down...
polybar|notice:  Termination signal received, shutting down...
polybar|notice:  Parsing config file: /home/dfsp/me/mydotfiles/bin/config_HDMI-2.ini
polybar|notice:  Listening for IPC messages (PID: 204580)
polybar|notice:  pulseaudio: using default sink alsa_output.pci-0000_00_1f.3.analog-stereo
polybar|notice:  Loaded font "monospace" (name=DejaVu Sans Mono, offset=2, file=/usr/share/fonts/truetype/dejavu/DejaVuSansMono.ttf)
polybar|error: tray: Failed to put tray above 0x1a00002 in the stack (XCB_MATCH (8))
polybar|notice:  Received signal(15): Terminated
polybar|notice:  Termination signal received, shutting down...
polybar|notice:  Parsing config file: /home/dfsp/me/mydotfiles/bin/config_eDP-1.ini
polybar|notice:  Listening for IPC messages (PID: 208402)
polybar|notice:  pulseaudio: using default sink alsa_output.pci-0000_00_1f.3.analog-stereo
polybar|notice:  Loaded font "monospace" (name=DejaVu Sans Mono, offset=2, file=/usr/share/fonts/truetype/dejavu/DejaVuSansMono.ttf)
polybar|error: tray: Failed to put tray above 0x1a00002 in the stack (XCB_MATCH (8))
polybar|notice:  Parsing config file: /home/dfsp/me/mydotfiles/bin/config_HDMI-2.ini
polybar|notice:  Listening for IPC messages (PID: 208450)
polybar|notice:  pulseaudio: using default sink alsa_output.pci-0000_00_1f.3.analog-stereo
polybar|notice:  Loaded font "monospace" (name=DejaVu Sans Mono, offset=2, file=/usr/share/fonts/truetype/dejavu/DejaVuSansMono.ttf)
polybar|error: tray: Failed to put tray above 0x1c00002 in the stack (XCB_MATCH (8))
polybar|warn:  Systray selection already managed (window=0x1a0000e)
polybar|error: libuv error while polling X connection: bad file descriptor
polybar|notice:  Termination signal received, shutting down...
